INFO:     Will watch for changes in these directories: ['C:\\Users\\DELL\\OneDrive\\Desktop\\NeuraNoteee\\Squad_Zero\\Squad_Zero\\backend']
INFO:     Uvicorn running on http://127.0.0.1:8000 (Press CTRL+C to quit)
INFO:     Started reloader process [18556] using WatchFiles
INFO:     Started server process [16124]
INFO:     Waiting for application startup.
ERROR:    Traceback (most recent call last):
  File "C:\Users\DELL\OneDrive\Desktop\NeuraNoteee\Squad_Zero\Squad_Zero\backend\venv\Lib\site-packages\starlette\routing.py", line 638, in lifespan
    async with self.lifespan_context(app) as maybe_state:
               ~~~~~~~~~~~~~~~~~~~~~^^^^^
  File "C:\Users\DELL\AppData\Local\Programs\Python\Python314\Lib\contextlib.py", line 214, in __aenter__
    return await anext(self.gen)
           ^^^^^^^^^^^^^^^^^^^^^
  File "C:\Users\DELL\OneDrive\Desktop\NeuraNoteee\Squad_Zero\Squad_Zero\backend\venv\Lib\site-packages\fastapi\routing.py", line 216, in merged_lifespan
    async with original_context(app) as maybe_original_state:
               ~~~~~~~~~~~~~~~~^^^^^
  File "C:\Users\DELL\OneDrive\Desktop\NeuraNoteee\Squad_Zero\Squad_Zero\backend\venv\Lib\site-packages\fastapi\routing.py", line 241, in __aenter__
    await self._router._startup()
  File "C:\Users\DELL\OneDrive\Desktop\NeuraNoteee\Squad_Zero\Squad_Zero\backend\venv\Lib\site-packages\fastapi\routing.py", line 4884, in _startup
    await handler()
  File "C:\Users\DELL\OneDrive\Desktop\NeuraNoteee\Squad_Zero\Squad_Zero\backend\app\main.py", line 54, in startup_event
    print(f"\U0001f680 Starting {settings.app_name}")
    ~~~~~^^^^^^^^^^^^^^^^^^^^^^^^^^^^^^^^^^^^
  File "C:\Users\DELL\AppData\Local\Programs\Python\Python314\Lib\encodings\cp1252.py", line 19, in encode
    return codecs.charmap_encode(input,self.errors,encoding_table)[0]
           ~~~~~~~~~~~~~~~~~~~~~^^^^^^^^^^^^^^^^^^^^^^^^^^^^^^^^^^
UnicodeEncodeError: 'charmap' codec can't encode character '\U0001f680' in position 0: character maps to <undefined>

ERROR:    Application startup failed. Exiting.
